<?xml version="1.0" encoding="UTF-8"?>
<testsuite name="com.iswarya.calculator.CalculatorApplicationTests" tests="1" skipped="0" failures="0" errors="0" timestamp="2019-03-31T03:21:05" hostname="DESKTOP-TO4LE4K" time="0.061">
  <properties/>
  <testcase name="contextLoads" classname="com.iswarya.calculator.CalculatorApplicationTests" time="0.061"/>
  <system-out><![CDATA[23:21:01.037 [Test worker] DEBUG org.springframework.test.context.junit4.SpringJUnit4ClassRunner - SpringJUnit4ClassRunner constructor called with [class com.iswarya.calculator.CalculatorApplicationTests]
23:21:01.048 [Test worker] DEBUG org.springframework.test.context.BootstrapUtils - Instantiating CacheAwareContextLoaderDelegate from class [org.springframework.test.context.cache.DefaultCacheAwareContextLoaderDelegate]
23:21:01.066 [Test worker] DEBUG org.springframework.test.context.BootstrapUtils - Instantiating BootstrapContext using constructor [public org.springframework.test.context.support.DefaultBootstrapContext(java.lang.Class,org.springframework.test.context.CacheAwareContextLoaderDelegate)]
23:21:01.095 [Test worker] DEBUG org.springframework.test.context.BootstrapUtils - Instantiating TestContextBootstrapper for test class [com.iswarya.calculator.CalculatorApplicationTests] from class [org.springframework.boot.test.context.SpringBootTestContextBootstrapper]
23:21:01.111 [Test worker] INFO org.springframework.boot.test.context.SpringBootTestContextBootstrapper - Neither @ContextConfiguration nor @ContextHierarchy found for test class [com.iswarya.calculator.CalculatorApplicationTests], using SpringBootContextLoader
23:21:01.116 [Test worker] DEBUG org.springframework.test.context.support.AbstractContextLoader - Did not detect default resource location for test class [com.iswarya.calculator.CalculatorApplicationTests]: class path resource [com/iswarya/calculator/CalculatorApplicationTests-context.xml] does not exist
23:21:01.117 [Test worker] DEBUG org.springframework.test.context.support.AbstractContextLoader - Did not detect default resource location for test class [com.iswarya.calculator.CalculatorApplicationTests]: class path resource [com/iswarya/calculator/CalculatorApplicationTestsContext.groovy] does not exist
23:21:01.118 [Test worker] INFO org.springframework.test.context.support.AbstractContextLoader - Could not detect default resource locations for test class [com.iswarya.calculator.CalculatorApplicationTests]: no resource found for suffixes {-context.xml, Context.groovy}.
23:21:01.119 [Test worker] INFO org.springframework.test.context.support.AnnotationConfigContextLoaderUtils - Could not detect default configuration classes for test class [com.iswarya.calculator.CalculatorApplicationTests]: CalculatorApplicationTests does not declare any static, non-private, non-final, nested classes annotated with @Configuration.
23:21:01.178 [Test worker] DEBUG org.springframework.test.context.support.ActiveProfilesUtils - Could not find an 'annotation declaring class' for annotation type [org.springframework.test.context.ActiveProfiles] and class [com.iswarya.calculator.CalculatorApplicationTests]
23:21:01.203 [Test worker] DEBUG org.springframework.core.env.StandardEnvironment - Adding PropertySource 'systemProperties' with lowest search precedence
23:21:01.204 [Test worker] DEBUG org.springframework.core.env.StandardEnvironment - Adding PropertySource 'systemEnvironment' with lowest search precedence
23:21:01.205 [Test worker] DEBUG org.springframework.core.env.StandardEnvironment - Initialized StandardEnvironment with PropertySources [MapPropertySource@1421182644 {name='systemProperties', properties={java.runtime.name=Java(TM) SE Runtime Environment, sun.boot.library.path=C:\Program Files\Java\jdk1.8.0_201\jre\bin, java.vm.version=25.201-b09, java.vm.vendor=Oracle Corporation, java.vendor.url=http://java.oracle.com/, path.separator=;, java.vm.name=Java HotSpot(TM) 64-Bit Server VM, file.encoding.pkg=sun.io, user.script=, sun.java.launcher=SUN_STANDARD, user.country=US, sun.os.patch.level=, java.vm.specification.name=Java Virtual Machine Specification, user.dir=C:\calculator, java.runtime.version=1.8.0_201-b09, java.awt.graphicsenv=sun.awt.Win32GraphicsEnvironment, java.endorsed.dirs=C:\Program Files\Java\jdk1.8.0_201\jre\lib\endorsed, os.arch=amd64, java.io.tmpdir=C:\Users\iswar\AppData\Local\Temp\, line.separator=
, java.vm.specification.vendor=Oracle Corporation, user.variant=, os.name=Windows 10, sun.jnu.encoding=Cp1252, java.library.path=C:\Program Files\Java\jdk1.8.0_201\bin;C:\Windows\Sun\Java\bin;C:\Windows\system32;C:\Windows;C:\Users\iswar\bin;C:\Program Files\Git\mingw64\bin;C:\Program Files\Git\usr\local\bin;C:\Program Files\Git\usr\bin;C:\Program Files\Git\usr\bin;C:\Program Files\Git\mingw64\bin;C:\Program Files\Git\usr\bin;C:\Users\iswar\bin;C:\Program Files (x86)\Common Files\Oracle\Java\javapath;C:\ProgramData\DockerDesktop\version-bin;C:\Program Files\Docker\Docker\Resources\bin;C:\Windows\system32;C:\Windows;C:\Windows\System32\Wbem;C:\Windows\System32\WindowsPowerShell\v1.0;C:\Windows\System32\OpenSSH;C:\Program Files\PuTTY;C:\ProgramData\chocolatey\bin;C:\Program Files (x86)\vim\vim80;C:\Program Files\Git\cmd;C:\Program Files\gradle-4.0\bin;C:\Program Files\Java\jdk1.8.0_201;C:\Users\iswar\AppData\Local\Microsoft\WindowsApps;C:\Users\iswar\AppData\Local\Programs\Azure Data Studio\bin;C:\Program Files\Git\usr\bin\vendor_perl;C:\Program Files\Git\usr\bin\core_perl;., java.specification.name=Java Platform API Specification, java.class.version=52.0, sun.management.compiler=HotSpot 64-Bit Tiered Compilers, os.version=10.0, user.home=C:\Users\iswar, user.timezone=America/New_York, java.awt.printerjob=sun.awt.windows.WPrinterJob, file.encoding=windows-1252, java.specification.version=1.8, java.class.path=C:\calculator\build\classes\test;C:\calculator\build\resources\test;C:\calculator\build\classes\main;C:\calculator\build\resources\main;C:\Users\iswar\.gradle\caches\modules-2\files-2.1\org.springframework.boot\spring-boot-starter-web\1.5.19.RELEASE\caf4a593c6b6d6fa66ccf7d6868363130515365a\spring-boot-starter-web-1.5.19.RELEASE.jar;C:\Users\iswar\.gradle\caches\modules-2\files-2.1\org.springframework.boot\spring-boot-starter-test\1.5.19.RELEASE\d06b6f71d88f4e7f7cafe4f9be6f73f783c0cb5e\spring-boot-starter-test-1.5.19.RELEASE.jar;C:\Users\iswar\.gradle\caches\modules-2\files-2.1\org.springframework.boot\spring-boot-starter\1.5.19.RELEASE\c93f91adc650e2dc122139cf93ed7814fec04830\spring-boot-starter-1.5.19.RELEASE.jar;C:\Users\iswar\.gradle\caches\modules-2\files-2.1\org.springframework.boot\spring-boot-starter-tomcat\1.5.19.RELEASE\86c82e082cbd79747574deb36a91ebfcdaac5b78\spring-boot-starter-tomcat-1.5.19.RELEASE.jar;C:\Users\iswar\.gradle\caches\modules-2\files-2.1\org.hibernate\hibernate-validator\5.3.6.Final\4c730be8bf55a8e9a61e79a2f2c079abf48b718\hibernate-validator-5.3.6.Final.jar;C:\Users\iswar\.gradle\caches\modules-2\files-2.1\com.fasterxml.jackson.core\jackson-databind\2.8.11.3\844df5aba5a1a56e00905b165b12bb34116ee858\jackson-databind-2.8.11.3.jar;C:\Users\iswar\.gradle\caches\modules-2\files-2.1\org.springframework\spring-web\4.3.22.RELEASE\8e4e5b1089ddba1a65dc48cffeab2cae28d74f05\spring-web-4.3.22.RELEASE.jar;C:\Users\iswar\.gradle\caches\modules-2\files-2.1\org.springframework\spring-webmvc\4.3.22.RELEASE\86c5200dc058339ed79f3afa68e59376cccf965d\spring-webmvc-4.3.22.RELEASE.jar;C:\Users\iswar\.gradle\caches\modules-2\files-2.1\org.springframework.boot\spring-boot-test\1.5.19.RELEASE\b85d7ceb338de573bab5307f190d3db56328fb6b\spring-boot-test-1.5.19.RELEASE.jar;C:\Users\iswar\.gradle\caches\modules-2\files-2.1\org.springframework.boot\spring-boot-test-autoconfigure\1.5.19.RELEASE\e3637f7857ef427222c67beb722ea833d3563763\spring-boot-test-autoconfigure-1.5.19.RELEASE.jar;C:\Users\iswar\.gradle\caches\modules-2\files-2.1\com.jayway.jsonpath\json-path\2.2.0\22290d17944bd239fabf5ac69005a60a7ecbbbcb\json-path-2.2.0.jar;C:\Users\iswar\.gradle\caches\modules-2\files-2.1\junit\junit\4.12\2973d150c0dc1fefe998f834810d68f278ea58ec\junit-4.12.jar;C:\Users\iswar\.gradle\caches\modules-2\files-2.1\org.assertj\assertj-core\2.6.0\b532c3fc4f66bcfee4989a3514f1cd56203a33ad\assertj-core-2.6.0.jar;C:\Users\iswar\.gradle\caches\modules-2\files-2.1\org.mockito\mockito-core\1.10.19\e8546f5bef4e061d8dd73895b4e8f40e3fe6effe\mockito-core-1.10.19.jar;C:\Users\iswar\.gradle\caches\modules-2\files-2.1\org.hamcrest\hamcrest-core\1.3\42a25dc3219429f0e5d060061f71acb49bf010a0\hamcrest-core-1.3.jar;C:\Users\iswar\.gradle\caches\modules-2\files-2.1\org.hamcrest\hamcrest-library\1.3\4785a3c21320980282f9f33d0d1264a69040538f\hamcrest-library-1.3.jar;C:\Users\iswar\.gradle\caches\modules-2\files-2.1\org.skyscreamer\jsonassert\1.4.0\9cdbb373a06f6513e51e8c545ee6a5e981463edb\jsonassert-1.4.0.jar;C:\Users\iswar\.gradle\caches\modules-2\files-2.1\org.springframework\spring-core\4.3.22.RELEASE\644c452cb43edf55f3cc8a1252a6e5a28316f42e\spring-core-4.3.22.RELEASE.jar;C:\Users\iswar\.gradle\caches\modules-2\files-2.1\org.springframework\spring-test\4.3.22.RELEASE\51fe839060f1a8889a10acd5c35097b5a9f98592\spring-test-4.3.22.RELEASE.jar;C:\Users\iswar\.gradle\caches\modules-2\files-2.1\org.springframework.boot\spring-boot\1.5.19.RELEASE\b2bf5c47a8653e5fbba05c022d99549948bf9665\spring-boot-1.5.19.RELEASE.jar;C:\Users\iswar\.gradle\caches\modules-2\files-2.1\org.springframework.boot\spring-boot-autoconfigure\1.5.19.RELEASE\4e9a29d2eda96d2e2f135a315dfa55ae0d3484d4\spring-boot-autoconfigure-1.5.19.RELEASE.jar;C:\Users\iswar\.gradle\caches\modules-2\files-2.1\org.springframework.boot\spring-boot-starter-logging\1.5.19.RELEASE\a9529ecfe4446aac782bf4bc3d05101eccfe0d12\spring-boot-starter-logging-1.5.19.RELEASE.jar;C:\Users\iswar\.gradle\caches\modules-2\files-2.1\org.yaml\snakeyaml\1.17\7a27ea250c5130b2922b86dea63cbb1cc10a660c\snakeyaml-1.17.jar;C:\Users\iswar\.gradle\caches\modules-2\files-2.1\org.apache.tomcat.embed\tomcat-embed-core\8.5.37\9ed6ab8f126d304af340492ade95a03878455af1\tomcat-embed-core-8.5.37.jar;C:\Users\iswar\.gradle\caches\modules-2\files-2.1\org.apache.tomcat.embed\tomcat-embed-el\8.5.37\fc91bf1f2f228859440e8665dffa1587b645ce8e\tomcat-embed-el-8.5.37.jar;C:\Users\iswar\.gradle\caches\modules-2\files-2.1\org.apache.tomcat.embed\tomcat-embed-websocket\8.5.37\6fa15e093a7809764ea6d149efa4fcb383a833e7\tomcat-embed-websocket-8.5.37.jar;C:\Users\iswar\.gradle\caches\modules-2\files-2.1\javax.validation\validation-api\1.1.0.Final\8613ae82954779d518631e05daa73a6a954817d5\validation-api-1.1.0.Final.jar;C:\Users\iswar\.gradle\caches\modules-2\files-2.1\org.jboss.logging\jboss-logging\3.3.2.Final\3789d00e859632e6c6206adc0c71625559e6e3b0\jboss-logging-3.3.2.Final.jar;C:\Users\iswar\.gradle\caches\modules-2\files-2.1\com.fasterxml\classmate\1.3.4\3d5f48f10bbe4eb7bd862f10c0583be2e0053c6\classmate-1.3.4.jar;C:\Users\iswar\.gradle\caches\modules-2\files-2.1\com.fasterxml.jackson.core\jackson-annotations\2.8.0\45b426f7796b741035581a176744d91090e2e6fb\jackson-annotations-2.8.0.jar;C:\Users\iswar\.gradle\caches\modules-2\files-2.1\com.fasterxml.jackson.core\jackson-core\2.8.11\876ead1db19f0c9e79c9789273a3ef8c6fd6c29b\jackson-core-2.8.11.jar;C:\Users\iswar\.gradle\caches\modules-2\files-2.1\org.springframework\spring-aop\4.3.22.RELEASE\ad29b1de008c3398bfaa6e177f0675c47864aa1b\spring-aop-4.3.22.RELEASE.jar;C:\Users\iswar\.gradle\caches\modules-2\files-2.1\org.springframework\spring-beans\4.3.22.RELEASE\b996bdca37e04a9e875dd40db184df208a315356\spring-beans-4.3.22.RELEASE.jar;C:\Users\iswar\.gradle\caches\modules-2\files-2.1\org.springframework\spring-context\4.3.22.RELEASE\1edff23a32bb7b02ad258294688173672e671ada\spring-context-4.3.22.RELEASE.jar;C:\Users\iswar\.gradle\caches\modules-2\files-2.1\org.springframework\spring-expression\4.3.22.RELEASE\314e4169b2559085f390b042ed14685877109b1e\spring-expression-4.3.22.RELEASE.jar;C:\Users\iswar\.gradle\caches\modules-2\files-2.1\net.minidev\json-smart\2.2.1\5b9e5df7a62d1279b70dc882b041d249c4f0b002\json-smart-2.2.1.jar;C:\Users\iswar\.gradle\caches\modules-2\files-2.1\org.slf4j\slf4j-api\1.7.25\da76ca59f6a57ee3102f8f9bd9cee742973efa8a\slf4j-api-1.7.25.jar;C:\Users\iswar\.gradle\caches\modules-2\files-2.1\org.objenesis\objenesis\2.1\87c0ea803b69252868d09308b4618f766f135a96\objenesis-2.1.jar;C:\Users\iswar\.gradle\caches\modules-2\files-2.1\com.vaadin.external.google\android-json\0.0.20131108.vaadin1\fa26d351fe62a6a17f5cda1287c1c6110dec413f\android-json-0.0.20131108.vaadin1.jar;C:\Users\iswar\.gradle\caches\modules-2\files-2.1\ch.qos.logback\logback-classic\1.1.11\ccedfbacef4a6515d2983e3f89ed753d5d4fb665\logback-classic-1.1.11.jar;C:\Users\iswar\.gradle\caches\modules-2\files-2.1\org.slf4j\jcl-over-slf4j\1.7.25\f8c32b13ff142a513eeb5b6330b1588dcb2c0461\jcl-over-slf4j-1.7.25.jar;C:\Users\iswar\.gradle\caches\modules-2\files-2.1\org.slf4j\jul-to-slf4j\1.7.25\af5364cd6679bfffb114f0dec8a157aaa283b76\jul-to-slf4j-1.7.25.jar;C:\Users\iswar\.gradle\caches\modules-2\files-2.1\org.slf4j\log4j-over-slf4j\1.7.25\a87bb47468f47ee7aabbd54f93e133d4215769c3\log4j-over-slf4j-1.7.25.jar;C:\Users\iswar\.gradle\caches\modules-2\files-2.1\org.apache.tomcat\tomcat-annotations-api\8.5.37\5a117dfc0b1971f8e8a691e22440b1142a9c034a\tomcat-annotations-api-8.5.37.jar;C:\Users\iswar\.gradle\caches\modules-2\files-2.1\net.minidev\accessors-smart\1.1\a527213f2fea112a04c9bdf0ec0264e34104cd08\accessors-smart-1.1.jar;C:\Users\iswar\.gradle\caches\modules-2\files-2.1\ch.qos.logback\logback-core\1.1.11\88b8df40340eed549fb07e2613879bf6b006704d\logback-core-1.1.11.jar;C:\Users\iswar\.gradle\caches\modules-2\files-2.1\org.ow2.asm\asm\5.0.3\dcc2193db20e19e1feca8b1240dbbc4e190824fa\asm-5.0.3.jar, user.name=iswar, java.vm.specification.version=1.8, sun.java.command=worker.org.gradle.process.internal.worker.GradleWorkerMain 'Gradle Test Executor 1', java.home=C:\Program Files\Java\jdk1.8.0_201\jre, sun.arch.data.model=64, user.language=en, java.specification.vendor=Oracle Corporation, awt.toolkit=sun.awt.windows.WToolkit, java.vm.info=mixed mode, java.version=1.8.0_201, java.ext.dirs=C:\Program Files\Java\jdk1.8.0_201\jre\lib\ext;C:\Windows\Sun\Java\lib\ext, sun.boot.class.path=C:\Program Files\Java\jdk1.8.0_201\jre\lib\resources.jar;C:\Program Files\Java\jdk1.8.0_201\jre\lib\rt.jar;C:\Program Files\Java\jdk1.8.0_201\jre\lib\sunrsasign.jar;C:\Program Files\Java\jdk1.8.0_201\jre\lib\jsse.jar;C:\Program Files\Java\jdk1.8.0_201\jre\lib\jce.jar;C:\Program Files\Java\jdk1.8.0_201\jre\lib\charsets.jar;C:\Program Files\Java\jdk1.8.0_201\jre\lib\jfr.jar;C:\Program Files\Java\jdk1.8.0_201\jre\classes, java.vendor=Oracle Corporation, org.gradle.test.worker=1, file.separator=\, java.vendor.url.bug=http://bugreport.sun.com/bugreport/, sun.io.unicode.encoding=UnicodeLittle, sun.cpu.endian=little, sun.desktop=windows, sun.cpu.isalist=amd64}}, SystemEnvironmentPropertySource@919923262 {name='systemEnvironment', properties={PATH=C:\Users\iswar\bin;C:\Program Files\Git\mingw64\bin;C:\Program Files\Git\usr\local\bin;C:\Program Files\Git\usr\bin;C:\Program Files\Git\usr\bin;C:\Program Files\Git\mingw64\bin;C:\Program Files\Git\usr\bin;C:\Users\iswar\bin;C:\Program Files (x86)\Common Files\Oracle\Java\javapath;C:\ProgramData\DockerDesktop\version-bin;C:\Program Files\Docker\Docker\Resources\bin;C:\Windows\system32;C:\Windows;C:\Windows\System32\Wbem;C:\Windows\System32\WindowsPowerShell\v1.0;C:\Windows\System32\OpenSSH;C:\Program Files\PuTTY;C:\ProgramData\chocolatey\bin;C:\Program Files (x86)\vim\vim80;C:\Program Files\Git\cmd;C:\Program Files\gradle-4.0\bin;C:\Program Files\Java\jdk1.8.0_201;C:\Users\iswar\AppData\Local\Microsoft\WindowsApps;C:\Users\iswar\AppData\Local\Programs\Azure Data Studio\bin;C:\Program Files\Git\usr\bin\vendor_perl;C:\Program Files\Git\usr\bin\core_perl, USERDOMAIN_ROAMINGPROFILE=DESKTOP-TO4LE4K, PKG_CONFIG_PATH=C:\Program Files\Git\mingw64\lib\pkgconfig;C:\Program Files\Git\mingw64\share\pkgconfig, MSYSTEM_PREFIX=C:/Program Files/Git/mingw64, PROCESSOR_LEVEL=6, SYSTEMDRIVE=C:, CONFIG_SITE=C:/Program Files/Git/mingw64/etc/config.site, ALLUSERSPROFILE=C:\ProgramData, PROCESSOR_ARCHITECTURE=AMD64, MSYSTEM_CHOST=x86_64-w64-mingw32, PSModulePath=C:\Program Files\WindowsPowerShell\Modules;C:\Windows\system32\WindowsPowerShell\v1.0\Modules, ORIGINAL_TEMP=C:/Users/iswar/AppData/Local/Temp, PROGRAMFILES=C:\Program Files, USERNAME=iswar, PWD=C:/calculator, ProgramFiles(x86)=C:\Program Files (x86), INFOPATH=C:\Program Files\Git\usr\local\info;C:\Program Files\Git\usr\share\info;C:\Program Files\Git\usr\info;C:\Program Files\Git\share\info, PATHEXT=.COM;.EXE;.BAT;.CMD;.VBS;.VBE;.JS;.JSE;.WSF;.WSH;.MSC, SHELL=C:\Program Files\Git\usr\bin\bash.exe, DriverData=C:\Windows\System32\Drivers\DriverData, OneDriveConsumer=C:\Users\iswar\OneDrive, ORIGINAL_TMP=C:/Users/iswar/AppData/Local/Temp, OLDPWD=C:/calculator, TMPDIR=C:\Users\iswar\AppData\Local\Temp, WINDIR=C:\Windows, ProgramData=C:\ProgramData, ProgramW6432=C:\Program Files, SSH_ASKPASS=C:/Program Files/Git/mingw64/libexec/git-core/git-gui--askpass, HOMEPATH=\Users\iswar, PROCESSOR_IDENTIFIER=Intel64 Family 6 Model 61 Stepping 4, GenuineIntel, PUBLIC=C:\Users\Public, MINGW_CHOST=x86_64-w64-mingw32, EXEPATH=C:\Program Files\Git, SHLVL=1, LOCALAPPDATA=C:\Users\iswar\AppData\Local, ChocolateyLastPathUpdate=131978690424717789, ORIGINAL_PATH=C:\Program Files\Git\mingw64\bin;C:\Program Files\Git\usr\bin;C:\Users\iswar\bin;C:\Program Files (x86)\Common Files\Oracle\Java\javapath;C:\ProgramData\DockerDesktop\version-bin;C:\Program Files\Docker\Docker\Resources\bin;C:\Windows\system32;C:\Windows;C:\Windows\System32\Wbem;C:\Windows\System32\WindowsPowerShell\v1.0;C:\Windows\System32\OpenSSH;C:\Program Files\PuTTY;C:\ProgramData\chocolatey\bin;C:\Program Files (x86)\vim\vim80;C:\Program Files\Git\cmd;C:\Program Files\gradle-4.0\bin;C:\Program Files\Java\jdk1.8.0_201;C:\Users\iswar\AppData\Local\Microsoft\WindowsApps;C:\Users\iswar\AppData\Local\Programs\Azure Data Studio\bin, MANPATH=C:\Program Files\Git\mingw64\local\man;C:\Program Files\Git\mingw64\share\man;C:\Program Files\Git\usr\local\man;C:\Program Files\Git\usr\share\man;C:\Program Files\Git\usr\man;C:\Program Files\Git\share\man, MINGW_PACKAGE_PREFIX=mingw-w64-x86_64, USERDOMAIN=DESKTOP-TO4LE4K, LOGONSERVER=\\DESKTOP-TO4LE4K, JAVA_HOME=C:\Program Files\Java\jdk1.8.0_201, PLINK_PROTOCOL=ssh, PROMPT=$P$G, TERM=cygwin, LANG=en_US.UTF-8, GRADLE_HOME=C:\Program Files\gradle-4.0, MINGW_PREFIX=C:/Program Files/Git/mingw64, DISPLAY=needs-to-be-defined, MSYSTEM=MINGW64, OneDrive=C:\Users\iswar\OneDrive, =C:=C:\Users\iswar, APPDATA=C:\Users\iswar\AppData\Roaming, SYSTEMROOT=C:\Windows, ChocolateyInstall=C:\ProgramData\chocolatey, OS=Windows_NT, COMPUTERNAME=DESKTOP-TO4LE4K, COMMONPROGRAMFILES=C:\Program Files\Common Files, COMSPEC=C:\Windows\system32\cmd.exe, PROCESSOR_REVISION=3d04, CommonProgramW6432=C:\Program Files\Common Files, ACLOCAL_PATH=C:\Program Files\Git\mingw64\share\aclocal;C:\Program Files\Git\usr\share\aclocal, MSYSTEM_CARCH=x86_64, TEMP=C:\Users\iswar\AppData\Local\Temp, HOSTNAME=DESKTOP-TO4LE4K, HOMEDRIVE=C:, USERPROFILE=C:\Users\iswar, TMP=C:\Users\iswar\AppData\Local\Temp, CommonProgramFiles(x86)=C:\Program Files (x86)\Common Files, NUMBER_OF_PROCESSORS=4, HOME=C:\Users\iswar}}]
23:21:01.229 [Test worker] DEBUG org.springframework.core.io.support.PathMatchingResourcePatternResolver - Resolved classpath location [com/iswarya/calculator/] to resources [URL [file:/C:/calculator/build/classes/test/com/iswarya/calculator/], URL [file:/C:/calculator/build/classes/main/com/iswarya/calculator/]]
23:21:01.229 [Test worker] DEBUG org.springframework.core.io.support.PathMatchingResourcePatternResolver - Looking for matching resources in directory tree [C:\calculator\build\classes\test\com\iswarya\calculator]
23:21:01.230 [Test worker] DEBUG org.springframework.core.io.support.PathMatchingResourcePatternResolver - Searching directory [C:\calculator\build\classes\test\com\iswarya\calculator] for files matching pattern [C:/calculator/build/classes/test/com/iswarya/calculator/*.class]
23:21:01.234 [Test worker] DEBUG org.springframework.core.io.support.PathMatchingResourcePatternResolver - Looking for matching resources in directory tree [C:\calculator\build\classes\main\com\iswarya\calculator]
23:21:01.235 [Test worker] DEBUG org.springframework.core.io.support.PathMatchingResourcePatternResolver - Searching directory [C:\calculator\build\classes\main\com\iswarya\calculator] for files matching pattern [C:/calculator/build/classes/main/com/iswarya/calculator/*.class]
23:21:01.237 [Test worker] DEBUG org.springframework.core.io.support.PathMatchingResourcePatternResolver - Resolved location pattern [classpath*:com/iswarya/calculator/*.class] to resources [file [C:\calculator\build\classes\test\com\iswarya\calculator\CalculatorApplicationTests.class], file [C:\calculator\build\classes\main\com\iswarya\calculator\Calculator.class], file [C:\calculator\build\classes\main\com\iswarya\calculator\CalculatorApplication.class], file [C:\calculator\build\classes\main\com\iswarya\calculator\CalculatorController.class]]
23:21:01.307 [Test worker] DEBUG org.springframework.context.annotation.ClassPathScanningCandidateComponentProvider - Identified candidate component class: file [C:\calculator\build\classes\main\com\iswarya\calculator\CalculatorApplication.class]
23:21:01.319 [Test worker] INFO org.springframework.boot.test.context.SpringBootTestContextBootstrapper - Found @SpringBootConfiguration com.iswarya.calculator.CalculatorApplication for test class com.iswarya.calculator.CalculatorApplicationTests
23:21:01.326 [Test worker] DEBUG org.springframework.boot.test.context.SpringBootTestContextBootstrapper - @TestExecutionListeners is not present for class [com.iswarya.calculator.CalculatorApplicationTests]: using defaults.
23:21:01.331 [Test worker] INFO org.springframework.boot.test.context.SpringBootTestContextBootstrapper - Loaded default TestExecutionListener class names from location [META-INF/spring.factories]: [org.springframework.boot.test.mock.mockito.MockitoTestExecutionListener, org.springframework.boot.test.mock.mockito.ResetMocksTestExecutionListener, org.springframework.boot.test.autoconfigure.restdocs.RestDocsTestExecutionListener, org.springframework.boot.test.autoconfigure.web.client.MockRestServiceServerResetTestExecutionListener, org.springframework.boot.test.autoconfigure.web.servlet.MockMvcPrintOnlyOnFailureTestExecutionListener, org.springframework.boot.test.autoconfigure.web.servlet.WebDriverTestExecutionListener, org.springframework.test.context.web.ServletTestExecutionListener, org.springframework.test.context.support.DirtiesContextBeforeModesTestExecutionListener, org.springframework.test.context.support.DependencyInjectionTestExecutionListener, org.springframework.test.context.support.DirtiesContextTestExecutionListener, org.springframework.test.context.transaction.TransactionalTestExecutionListener, org.springframework.test.context.jdbc.SqlScriptsTestExecutionListener]
23:21:01.352 [Test worker] DEBUG org.springframework.boot.test.context.SpringBootTestContextBootstrapper - Could not instantiate TestExecutionListener [org.springframework.test.context.transaction.TransactionalTestExecutionListener]. Specify custom listener classes or make the default listener classes (and their required dependencies) available. Offending class: [org/springframework/transaction/interceptor/TransactionAttributeSource]
23:21:01.352 [Test worker] DEBUG org.springframework.boot.test.context.SpringBootTestContextBootstrapper - Could not instantiate TestExecutionListener [org.springframework.test.context.jdbc.SqlScriptsTestExecutionListener]. Specify custom listener classes or make the default listener classes (and their required dependencies) available. Offending class: [org/springframework/transaction/interceptor/TransactionAttribute]
23:21:01.353 [Test worker] INFO org.springframework.boot.test.context.SpringBootTestContextBootstrapper - Using TestExecutionListeners: [org.springframework.test.context.web.ServletTestExecutionListener@59fbf31b, org.springframework.test.context.support.DirtiesContextBeforeModesTestExecutionListener@77c56f36, org.springframework.boot.test.mock.mockito.MockitoTestExecutionListener@3866ca55, org.springframework.boot.test.autoconfigure.SpringBootDependencyInjectionTestExecutionListener@4698e6ce, org.springframework.test.context.support.DirtiesContextTestExecutionListener@407db62d, org.springframework.boot.test.mock.mockito.ResetMocksTestExecutionListener@1c1dddcb, org.springframework.boot.test.autoconfigure.restdocs.RestDocsTestExecutionListener@12a7987f, org.springframework.boot.test.autoconfigure.web.client.MockRestServiceServerResetTestExecutionListener@1308a273, org.springframework.boot.test.autoconfigure.web.servlet.MockMvcPrintOnlyOnFailureTestExecutionListener@3e69b2e1, org.springframework.boot.test.autoconfigure.web.servlet.WebDriverTestExecutionListener@4ce8d362]
23:21:01.357 [Test worker] DEBUG org.springframework.test.annotation.ProfileValueUtils - Retrieved @ProfileValueSourceConfiguration [null] for test class [com.iswarya.calculator.CalculatorApplicationTests]
23:21:01.358 [Test worker] DEBUG org.springframework.test.annotation.ProfileValueUtils - Retrieved ProfileValueSource type [class org.springframework.test.annotation.SystemProfileValueSource] for class [com.iswarya.calculator.CalculatorApplicationTests]
23:21:01.359 [Test worker] DEBUG org.springframework.test.annotation.ProfileValueUtils - Retrieved @ProfileValueSourceConfiguration [null] for test class [com.iswarya.calculator.CalculatorApplicationTests]
23:21:01.359 [Test worker] DEBUG org.springframework.test.annotation.ProfileValueUtils - Retrieved ProfileValueSource type [class org.springframework.test.annotation.SystemProfileValueSource] for class [com.iswarya.calculator.CalculatorApplicationTests]
23:21:01.365 [Test worker] DEBUG org.springframework.test.context.support.AbstractDirtiesContextTestExecutionListener - Before test class: context [DefaultTestContext@19f06d61 testClass = CalculatorApplicationTests, testInstance = [null], testMethod = [null], testException = [null], mergedContextConfiguration = [WebMergedContextConfiguration@1a7d5f71 testClass = CalculatorApplicationTests, locations = '{}', classes = '{class com.iswarya.calculator.CalculatorApplication}', contextInitializerClasses = '[]', activeProfiles = '{}', propertySourceLocations = '{}', propertySourceProperties = '{org.springframework.boot.test.context.SpringBootTestContextBootstrapper=true}', contextCustomizers = set[org.springframework.boot.test.context.SpringBootTestContextCustomizer@b9eecbe, org.springframework.boot.test.context.filter.ExcludeFilterContextCustomizer@4b4770c1, org.springframework.boot.test.json.DuplicateJsonObjectContextCustomizerFactory$DuplicateJsonObjectContextCustomizer@7a554fee, org.springframework.boot.test.mock.mockito.MockitoContextCustomizer@0, org.springframework.boot.test.autoconfigure.properties.PropertyMappingContextCustomizer@0, org.springframework.boot.test.autoconfigure.web.servlet.WebDriverContextCustomizerFactory$Customizer@4af6750e], resourceBasePath = 'src/main/webapp', contextLoader = 'org.springframework.boot.test.context.SpringBootContextLoader', parent = [null]]], class annotated with @DirtiesContext [false] with mode [null].
23:21:01.368 [Test worker] DEBUG org.springframework.test.annotation.ProfileValueUtils - Retrieved @ProfileValueSourceConfiguration [null] for test class [com.iswarya.calculator.CalculatorApplicationTests]
23:21:01.369 [Test worker] DEBUG org.springframework.test.annotation.ProfileValueUtils - Retrieved ProfileValueSource type [class org.springframework.test.annotation.SystemProfileValueSource] for class [com.iswarya.calculator.CalculatorApplicationTests]
23:21:01.457 [Test worker] DEBUG org.springframework.core.env.StandardEnvironment - Adding PropertySource 'systemProperties' with lowest search precedence
23:21:01.457 [Test worker] DEBUG org.springframework.core.env.StandardEnvironment - Adding PropertySource 'systemEnvironment' with lowest search precedence
23:21:01.458 [Test worker] DEBUG org.springframework.core.env.StandardEnvironment - Initialized StandardEnvironment with PropertySources [MapPropertySource@1600079507 {name='systemProperties', properties={java.runtime.name=Java(TM) SE Runtime Environment, sun.boot.library.path=C:\Program Files\Java\jdk1.8.0_201\jre\bin, java.vm.version=25.201-b09, java.vm.vendor=Oracle Corporation, java.vendor.url=http://java.oracle.com/, path.separator=;, java.vm.name=Java HotSpot(TM) 64-Bit Server VM, file.encoding.pkg=sun.io, user.script=, sun.java.launcher=SUN_STANDARD, user.country=US, sun.os.patch.level=, java.vm.specification.name=Java Virtual Machine Specification, user.dir=C:\calculator, java.runtime.version=1.8.0_201-b09, java.awt.graphicsenv=sun.awt.Win32GraphicsEnvironment, java.endorsed.dirs=C:\Program Files\Java\jdk1.8.0_201\jre\lib\endorsed, os.arch=amd64, java.io.tmpdir=C:\Users\iswar\AppData\Local\Temp\, line.separator=
, java.vm.specification.vendor=Oracle Corporation, user.variant=, os.name=Windows 10, sun.jnu.encoding=Cp1252, java.library.path=C:\Program Files\Java\jdk1.8.0_201\bin;C:\Windows\Sun\Java\bin;C:\Windows\system32;C:\Windows;C:\Users\iswar\bin;C:\Program Files\Git\mingw64\bin;C:\Program Files\Git\usr\local\bin;C:\Program Files\Git\usr\bin;C:\Program Files\Git\usr\bin;C:\Program Files\Git\mingw64\bin;C:\Program Files\Git\usr\bin;C:\Users\iswar\bin;C:\Program Files (x86)\Common Files\Oracle\Java\javapath;C:\ProgramData\DockerDesktop\version-bin;C:\Program Files\Docker\Docker\Resources\bin;C:\Windows\system32;C:\Windows;C:\Windows\System32\Wbem;C:\Windows\System32\WindowsPowerShell\v1.0;C:\Windows\System32\OpenSSH;C:\Program Files\PuTTY;C:\ProgramData\chocolatey\bin;C:\Program Files (x86)\vim\vim80;C:\Program Files\Git\cmd;C:\Program Files\gradle-4.0\bin;C:\Program Files\Java\jdk1.8.0_201;C:\Users\iswar\AppData\Local\Microsoft\WindowsApps;C:\Users\iswar\AppData\Local\Programs\Azure Data Studio\bin;C:\Program Files\Git\usr\bin\vendor_perl;C:\Program Files\Git\usr\bin\core_perl;., java.specification.name=Java Platform API Specification, java.class.version=52.0, sun.management.compiler=HotSpot 64-Bit Tiered Compilers, os.version=10.0, user.home=C:\Users\iswar, user.timezone=America/New_York, java.awt.printerjob=sun.awt.windows.WPrinterJob, file.encoding=windows-1252, java.specification.version=1.8, java.class.path=C:\calculator\build\classes\test;C:\calculator\build\resources\test;C:\calculator\build\classes\main;C:\calculator\build\resources\main;C:\Users\iswar\.gradle\caches\modules-2\files-2.1\org.springframework.boot\spring-boot-starter-web\1.5.19.RELEASE\caf4a593c6b6d6fa66ccf7d6868363130515365a\spring-boot-starter-web-1.5.19.RELEASE.jar;C:\Users\iswar\.gradle\caches\modules-2\files-2.1\org.springframework.boot\spring-boot-starter-test\1.5.19.RELEASE\d06b6f71d88f4e7f7cafe4f9be6f73f783c0cb5e\spring-boot-starter-test-1.5.19.RELEASE.jar;C:\Users\iswar\.gradle\caches\modules-2\files-2.1\org.springframework.boot\spring-boot-starter\1.5.19.RELEASE\c93f91adc650e2dc122139cf93ed7814fec04830\spring-boot-starter-1.5.19.RELEASE.jar;C:\Users\iswar\.gradle\caches\modules-2\files-2.1\org.springframework.boot\spring-boot-starter-tomcat\1.5.19.RELEASE\86c82e082cbd79747574deb36a91ebfcdaac5b78\spring-boot-starter-tomcat-1.5.19.RELEASE.jar;C:\Users\iswar\.gradle\caches\modules-2\files-2.1\org.hibernate\hibernate-validator\5.3.6.Final\4c730be8bf55a8e9a61e79a2f2c079abf48b718\hibernate-validator-5.3.6.Final.jar;C:\Users\iswar\.gradle\caches\modules-2\files-2.1\com.fasterxml.jackson.core\jackson-databind\2.8.11.3\844df5aba5a1a56e00905b165b12bb34116ee858\jackson-databind-2.8.11.3.jar;C:\Users\iswar\.gradle\caches\modules-2\files-2.1\org.springframework\spring-web\4.3.22.RELEASE\8e4e5b1089ddba1a65dc48cffeab2cae28d74f05\spring-web-4.3.22.RELEASE.jar;C:\Users\iswar\.gradle\caches\modules-2\files-2.1\org.springframework\spring-webmvc\4.3.22.RELEASE\86c5200dc058339ed79f3afa68e59376cccf965d\spring-webmvc-4.3.22.RELEASE.jar;C:\Users\iswar\.gradle\caches\modules-2\files-2.1\org.springframework.boot\spring-boot-test\1.5.19.RELEASE\b85d7ceb338de573bab5307f190d3db56328fb6b\spring-boot-test-1.5.19.RELEASE.jar;C:\Users\iswar\.gradle\caches\modules-2\files-2.1\org.springframework.boot\spring-boot-test-autoconfigure\1.5.19.RELEASE\e3637f7857ef427222c67beb722ea833d3563763\spring-boot-test-autoconfigure-1.5.19.RELEASE.jar;C:\Users\iswar\.gradle\caches\modules-2\files-2.1\com.jayway.jsonpath\json-path\2.2.0\22290d17944bd239fabf5ac69005a60a7ecbbbcb\json-path-2.2.0.jar;C:\Users\iswar\.gradle\caches\modules-2\files-2.1\junit\junit\4.12\2973d150c0dc1fefe998f834810d68f278ea58ec\junit-4.12.jar;C:\Users\iswar\.gradle\caches\modules-2\files-2.1\org.assertj\assertj-core\2.6.0\b532c3fc4f66bcfee4989a3514f1cd56203a33ad\assertj-core-2.6.0.jar;C:\Users\iswar\.gradle\caches\modules-2\files-2.1\org.mockito\mockito-core\1.10.19\e8546f5bef4e061d8dd73895b4e8f40e3fe6effe\mockito-core-1.10.19.jar;C:\Users\iswar\.gradle\caches\modules-2\files-2.1\org.hamcrest\hamcrest-core\1.3\42a25dc3219429f0e5d060061f71acb49bf010a0\hamcrest-core-1.3.jar;C:\Users\iswar\.gradle\caches\modules-2\files-2.1\org.hamcrest\hamcrest-library\1.3\4785a3c21320980282f9f33d0d1264a69040538f\hamcrest-library-1.3.jar;C:\Users\iswar\.gradle\caches\modules-2\files-2.1\org.skyscreamer\jsonassert\1.4.0\9cdbb373a06f6513e51e8c545ee6a5e981463edb\jsonassert-1.4.0.jar;C:\Users\iswar\.gradle\caches\modules-2\files-2.1\org.springframework\spring-core\4.3.22.RELEASE\644c452cb43edf55f3cc8a1252a6e5a28316f42e\spring-core-4.3.22.RELEASE.jar;C:\Users\iswar\.gradle\caches\modules-2\files-2.1\org.springframework\spring-test\4.3.22.RELEASE\51fe839060f1a8889a10acd5c35097b5a9f98592\spring-test-4.3.22.RELEASE.jar;C:\Users\iswar\.gradle\caches\modules-2\files-2.1\org.springframework.boot\spring-boot\1.5.19.RELEASE\b2bf5c47a8653e5fbba05c022d99549948bf9665\spring-boot-1.5.19.RELEASE.jar;C:\Users\iswar\.gradle\caches\modules-2\files-2.1\org.springframework.boot\spring-boot-autoconfigure\1.5.19.RELEASE\4e9a29d2eda96d2e2f135a315dfa55ae0d3484d4\spring-boot-autoconfigure-1.5.19.RELEASE.jar;C:\Users\iswar\.gradle\caches\modules-2\files-2.1\org.springframework.boot\spring-boot-starter-logging\1.5.19.RELEASE\a9529ecfe4446aac782bf4bc3d05101eccfe0d12\spring-boot-starter-logging-1.5.19.RELEASE.jar;C:\Users\iswar\.gradle\caches\modules-2\files-2.1\org.yaml\snakeyaml\1.17\7a27ea250c5130b2922b86dea63cbb1cc10a660c\snakeyaml-1.17.jar;C:\Users\iswar\.gradle\caches\modules-2\files-2.1\org.apache.tomcat.embed\tomcat-embed-core\8.5.37\9ed6ab8f126d304af340492ade95a03878455af1\tomcat-embed-core-8.5.37.jar;C:\Users\iswar\.gradle\caches\modules-2\files-2.1\org.apache.tomcat.embed\tomcat-embed-el\8.5.37\fc91bf1f2f228859440e8665dffa1587b645ce8e\tomcat-embed-el-8.5.37.jar;C:\Users\iswar\.gradle\caches\modules-2\files-2.1\org.apache.tomcat.embed\tomcat-embed-websocket\8.5.37\6fa15e093a7809764ea6d149efa4fcb383a833e7\tomcat-embed-websocket-8.5.37.jar;C:\Users\iswar\.gradle\caches\modules-2\files-2.1\javax.validation\validation-api\1.1.0.Final\8613ae82954779d518631e05daa73a6a954817d5\validation-api-1.1.0.Final.jar;C:\Users\iswar\.gradle\caches\modules-2\files-2.1\org.jboss.logging\jboss-logging\3.3.2.Final\3789d00e859632e6c6206adc0c71625559e6e3b0\jboss-logging-3.3.2.Final.jar;C:\Users\iswar\.gradle\caches\modules-2\files-2.1\com.fasterxml\classmate\1.3.4\3d5f48f10bbe4eb7bd862f10c0583be2e0053c6\classmate-1.3.4.jar;C:\Users\iswar\.gradle\caches\modules-2\files-2.1\com.fasterxml.jackson.core\jackson-annotations\2.8.0\45b426f7796b741035581a176744d91090e2e6fb\jackson-annotations-2.8.0.jar;C:\Users\iswar\.gradle\caches\modules-2\files-2.1\com.fasterxml.jackson.core\jackson-core\2.8.11\876ead1db19f0c9e79c9789273a3ef8c6fd6c29b\jackson-core-2.8.11.jar;C:\Users\iswar\.gradle\caches\modules-2\files-2.1\org.springframework\spring-aop\4.3.22.RELEASE\ad29b1de008c3398bfaa6e177f0675c47864aa1b\spring-aop-4.3.22.RELEASE.jar;C:\Users\iswar\.gradle\caches\modules-2\files-2.1\org.springframework\spring-beans\4.3.22.RELEASE\b996bdca37e04a9e875dd40db184df208a315356\spring-beans-4.3.22.RELEASE.jar;C:\Users\iswar\.gradle\caches\modules-2\files-2.1\org.springframework\spring-context\4.3.22.RELEASE\1edff23a32bb7b02ad258294688173672e671ada\spring-context-4.3.22.RELEASE.jar;C:\Users\iswar\.gradle\caches\modules-2\files-2.1\org.springframework\spring-expression\4.3.22.RELEASE\314e4169b2559085f390b042ed14685877109b1e\spring-expression-4.3.22.RELEASE.jar;C:\Users\iswar\.gradle\caches\modules-2\files-2.1\net.minidev\json-smart\2.2.1\5b9e5df7a62d1279b70dc882b041d249c4f0b002\json-smart-2.2.1.jar;C:\Users\iswar\.gradle\caches\modules-2\files-2.1\org.slf4j\slf4j-api\1.7.25\da76ca59f6a57ee3102f8f9bd9cee742973efa8a\slf4j-api-1.7.25.jar;C:\Users\iswar\.gradle\caches\modules-2\files-2.1\org.objenesis\objenesis\2.1\87c0ea803b69252868d09308b4618f766f135a96\objenesis-2.1.jar;C:\Users\iswar\.gradle\caches\modules-2\files-2.1\com.vaadin.external.google\android-json\0.0.20131108.vaadin1\fa26d351fe62a6a17f5cda1287c1c6110dec413f\android-json-0.0.20131108.vaadin1.jar;C:\Users\iswar\.gradle\caches\modules-2\files-2.1\ch.qos.logback\logback-classic\1.1.11\ccedfbacef4a6515d2983e3f89ed753d5d4fb665\logback-classic-1.1.11.jar;C:\Users\iswar\.gradle\caches\modules-2\files-2.1\org.slf4j\jcl-over-slf4j\1.7.25\f8c32b13ff142a513eeb5b6330b1588dcb2c0461\jcl-over-slf4j-1.7.25.jar;C:\Users\iswar\.gradle\caches\modules-2\files-2.1\org.slf4j\jul-to-slf4j\1.7.25\af5364cd6679bfffb114f0dec8a157aaa283b76\jul-to-slf4j-1.7.25.jar;C:\Users\iswar\.gradle\caches\modules-2\files-2.1\org.slf4j\log4j-over-slf4j\1.7.25\a87bb47468f47ee7aabbd54f93e133d4215769c3\log4j-over-slf4j-1.7.25.jar;C:\Users\iswar\.gradle\caches\modules-2\files-2.1\org.apache.tomcat\tomcat-annotations-api\8.5.37\5a117dfc0b1971f8e8a691e22440b1142a9c034a\tomcat-annotations-api-8.5.37.jar;C:\Users\iswar\.gradle\caches\modules-2\files-2.1\net.minidev\accessors-smart\1.1\a527213f2fea112a04c9bdf0ec0264e34104cd08\accessors-smart-1.1.jar;C:\Users\iswar\.gradle\caches\modules-2\files-2.1\ch.qos.logback\logback-core\1.1.11\88b8df40340eed549fb07e2613879bf6b006704d\logback-core-1.1.11.jar;C:\Users\iswar\.gradle\caches\modules-2\files-2.1\org.ow2.asm\asm\5.0.3\dcc2193db20e19e1feca8b1240dbbc4e190824fa\asm-5.0.3.jar, user.name=iswar, java.vm.specification.version=1.8, sun.java.command=worker.org.gradle.process.internal.worker.GradleWorkerMain 'Gradle Test Executor 1', java.home=C:\Program Files\Java\jdk1.8.0_201\jre, sun.arch.data.model=64, user.language=en, java.specification.vendor=Oracle Corporation, awt.toolkit=sun.awt.windows.WToolkit, java.vm.info=mixed mode, java.version=1.8.0_201, java.ext.dirs=C:\Program Files\Java\jdk1.8.0_201\jre\lib\ext;C:\Windows\Sun\Java\lib\ext, sun.boot.class.path=C:\Program Files\Java\jdk1.8.0_201\jre\lib\resources.jar;C:\Program Files\Java\jdk1.8.0_201\jre\lib\rt.jar;C:\Program Files\Java\jdk1.8.0_201\jre\lib\sunrsasign.jar;C:\Program Files\Java\jdk1.8.0_201\jre\lib\jsse.jar;C:\Program Files\Java\jdk1.8.0_201\jre\lib\jce.jar;C:\Program Files\Java\jdk1.8.0_201\jre\lib\charsets.jar;C:\Program Files\Java\jdk1.8.0_201\jre\lib\jfr.jar;C:\Program Files\Java\jdk1.8.0_201\jre\classes, java.vendor=Oracle Corporation, org.gradle.test.worker=1, file.separator=\, java.vendor.url.bug=http://bugreport.sun.com/bugreport/, sun.io.unicode.encoding=UnicodeLittle, sun.cpu.endian=little, sun.desktop=windows, sun.cpu.isalist=amd64}}, SystemEnvironmentPropertySource@640510197 {name='systemEnvironment', properties={PATH=C:\Users\iswar\bin;C:\Program Files\Git\mingw64\bin;C:\Program Files\Git\usr\local\bin;C:\Program Files\Git\usr\bin;C:\Program Files\Git\usr\bin;C:\Program Files\Git\mingw64\bin;C:\Program Files\Git\usr\bin;C:\Users\iswar\bin;C:\Program Files (x86)\Common Files\Oracle\Java\javapath;C:\ProgramData\DockerDesktop\version-bin;C:\Program Files\Docker\Docker\Resources\bin;C:\Windows\system32;C:\Windows;C:\Windows\System32\Wbem;C:\Windows\System32\WindowsPowerShell\v1.0;C:\Windows\System32\OpenSSH;C:\Program Files\PuTTY;C:\ProgramData\chocolatey\bin;C:\Program Files (x86)\vim\vim80;C:\Program Files\Git\cmd;C:\Program Files\gradle-4.0\bin;C:\Program Files\Java\jdk1.8.0_201;C:\Users\iswar\AppData\Local\Microsoft\WindowsApps;C:\Users\iswar\AppData\Local\Programs\Azure Data Studio\bin;C:\Program Files\Git\usr\bin\vendor_perl;C:\Program Files\Git\usr\bin\core_perl, USERDOMAIN_ROAMINGPROFILE=DESKTOP-TO4LE4K, PKG_CONFIG_PATH=C:\Program Files\Git\mingw64\lib\pkgconfig;C:\Program Files\Git\mingw64\share\pkgconfig, MSYSTEM_PREFIX=C:/Program Files/Git/mingw64, PROCESSOR_LEVEL=6, SYSTEMDRIVE=C:, CONFIG_SITE=C:/Program Files/Git/mingw64/etc/config.site, ALLUSERSPROFILE=C:\ProgramData, PROCESSOR_ARCHITECTURE=AMD64, MSYSTEM_CHOST=x86_64-w64-mingw32, PSModulePath=C:\Program Files\WindowsPowerShell\Modules;C:\Windows\system32\WindowsPowerShell\v1.0\Modules, ORIGINAL_TEMP=C:/Users/iswar/AppData/Local/Temp, PROGRAMFILES=C:\Program Files, USERNAME=iswar, PWD=C:/calculator, ProgramFiles(x86)=C:\Program Files (x86), INFOPATH=C:\Program Files\Git\usr\local\info;C:\Program Files\Git\usr\share\info;C:\Program Files\Git\usr\info;C:\Program Files\Git\share\info, PATHEXT=.COM;.EXE;.BAT;.CMD;.VBS;.VBE;.JS;.JSE;.WSF;.WSH;.MSC, SHELL=C:\Program Files\Git\usr\bin\bash.exe, DriverData=C:\Windows\System32\Drivers\DriverData, OneDriveConsumer=C:\Users\iswar\OneDrive, ORIGINAL_TMP=C:/Users/iswar/AppData/Local/Temp, OLDPWD=C:/calculator, TMPDIR=C:\Users\iswar\AppData\Local\Temp, WINDIR=C:\Windows, ProgramData=C:\ProgramData, ProgramW6432=C:\Program Files, SSH_ASKPASS=C:/Program Files/Git/mingw64/libexec/git-core/git-gui--askpass, HOMEPATH=\Users\iswar, PROCESSOR_IDENTIFIER=Intel64 Family 6 Model 61 Stepping 4, GenuineIntel, PUBLIC=C:\Users\Public, MINGW_CHOST=x86_64-w64-mingw32, EXEPATH=C:\Program Files\Git, SHLVL=1, LOCALAPPDATA=C:\Users\iswar\AppData\Local, ChocolateyLastPathUpdate=131978690424717789, ORIGINAL_PATH=C:\Program Files\Git\mingw64\bin;C:\Program Files\Git\usr\bin;C:\Users\iswar\bin;C:\Program Files (x86)\Common Files\Oracle\Java\javapath;C:\ProgramData\DockerDesktop\version-bin;C:\Program Files\Docker\Docker\Resources\bin;C:\Windows\system32;C:\Windows;C:\Windows\System32\Wbem;C:\Windows\System32\WindowsPowerShell\v1.0;C:\Windows\System32\OpenSSH;C:\Program Files\PuTTY;C:\ProgramData\chocolatey\bin;C:\Program Files (x86)\vim\vim80;C:\Program Files\Git\cmd;C:\Program Files\gradle-4.0\bin;C:\Program Files\Java\jdk1.8.0_201;C:\Users\iswar\AppData\Local\Microsoft\WindowsApps;C:\Users\iswar\AppData\Local\Programs\Azure Data Studio\bin, MANPATH=C:\Program Files\Git\mingw64\local\man;C:\Program Files\Git\mingw64\share\man;C:\Program Files\Git\usr\local\man;C:\Program Files\Git\usr\share\man;C:\Program Files\Git\usr\man;C:\Program Files\Git\share\man, MINGW_PACKAGE_PREFIX=mingw-w64-x86_64, USERDOMAIN=DESKTOP-TO4LE4K, LOGONSERVER=\\DESKTOP-TO4LE4K, JAVA_HOME=C:\Program Files\Java\jdk1.8.0_201, PLINK_PROTOCOL=ssh, PROMPT=$P$G, TERM=cygwin, LANG=en_US.UTF-8, GRADLE_HOME=C:\Program Files\gradle-4.0, MINGW_PREFIX=C:/Program Files/Git/mingw64, DISPLAY=needs-to-be-defined, MSYSTEM=MINGW64, OneDrive=C:\Users\iswar\OneDrive, =C:=C:\Users\iswar, APPDATA=C:\Users\iswar\AppData\Roaming, SYSTEMROOT=C:\Windows, ChocolateyInstall=C:\ProgramData\chocolatey, OS=Windows_NT, COMPUTERNAME=DESKTOP-TO4LE4K, COMMONPROGRAMFILES=C:\Program Files\Common Files, COMSPEC=C:\Windows\system32\cmd.exe, PROCESSOR_REVISION=3d04, CommonProgramW6432=C:\Program Files\Common Files, ACLOCAL_PATH=C:\Program Files\Git\mingw64\share\aclocal;C:\Program Files\Git\usr\share\aclocal, MSYSTEM_CARCH=x86_64, TEMP=C:\Users\iswar\AppData\Local\Temp, HOSTNAME=DESKTOP-TO4LE4K, HOMEDRIVE=C:, USERPROFILE=C:\Users\iswar, TMP=C:\Users\iswar\AppData\Local\Temp, CommonProgramFiles(x86)=C:\Program Files (x86)\Common Files, NUMBER_OF_PROCESSORS=4, HOME=C:\Users\iswar}}]
23:21:01.462 [Test worker] DEBUG org.springframework.core.env.MutablePropertySources - Adding PropertySource 'inline' with highest search precedence
23:21:01.476 [Test worker] DEBUG org.springframework.test.context.support.TestPropertySourceUtils - Adding inlined properties to environment: {spring.jmx.enabled=false, org.springframework.boot.test.context.SpringBootTestContextBootstrapper=true, server.port=-1}
23:21:01.476 [Test worker] DEBUG org.springframework.core.env.StandardEnvironment - Adding PropertySource 'Inlined Test Properties' with highest search precedence

  .   ____          _            __ _ _
 /\\ / ___'_ __ _ _(_)_ __  __ _ \ \ \ \
( ( )\___ | '_ | '_| | '_ \/ _` | \ \ \ \
 \\/  ___)| |_)| | | | | || (_| |  ) ) ) )
  '  |____| .__|_| |_|_| |_\__, | / / / /
 =========|_|==============|___/=/_/_/_/
 :: Spring Boot ::       (v1.5.19.RELEASE)

2019-03-30 23:21:01.879  INFO 20884 --- [    Test worker] c.i.c.CalculatorApplicationTests         : Starting CalculatorApplicationTests on DESKTOP-TO4LE4K with PID 20884 (started by iswar in C:\calculator)
2019-03-30 23:21:01.881  INFO 20884 --- [    Test worker] c.i.c.CalculatorApplicationTests         : No active profile set, falling back to default profiles: default
2019-03-30 23:21:01.961  INFO 20884 --- [    Test worker] o.s.w.c.s.GenericWebApplicationContext   : Refreshing org.springframework.web.context.support.GenericWebApplicationContext@1aa20302: startup date [Sat Mar 30 23:21:01 EDT 2019]; root of context hierarchy
2019-03-30 23:21:04.828  INFO 20884 --- [    Test worker] s.w.s.m.m.a.RequestMappingHandlerAdapter : Looking for @ControllerAdvice: org.springframework.web.context.support.GenericWebApplicationContext@1aa20302: startup date [Sat Mar 30 23:21:01 EDT 2019]; root of context hierarchy
2019-03-30 23:21:04.933  INFO 20884 --- [    Test worker] s.w.s.m.m.a.RequestMappingHandlerMapping : Mapped "{[/sum]}" onto java.lang.String com.iswarya.calculator.CalculatorController.sum(java.lang.Integer,java.lang.Integer)
2019-03-30 23:21:04.938  INFO 20884 --- [    Test worker] s.w.s.m.m.a.RequestMappingHandlerMapping : Mapped "{[/error]}" onto public org.springframework.http.ResponseEntity<java.util.Map<java.lang.String, java.lang.Object>> org.springframework.boot.autoconfigure.web.BasicErrorController.error(javax.servlet.http.HttpServletRequest)
2019-03-30 23:21:04.939  INFO 20884 --- [    Test worker] s.w.s.m.m.a.RequestMappingHandlerMapping : Mapped "{[/error],produces=[text/html]}" onto public org.springframework.web.servlet.ModelAndView org.springframework.boot.autoconfigure.web.BasicErrorController.errorHtml(javax.servlet.http.HttpServletRequest,javax.servlet.http.HttpServletResponse)
2019-03-30 23:21:05.009  INFO 20884 --- [    Test worker] o.s.w.s.handler.SimpleUrlHandlerMapping  : Mapped URL path [/webjars/**] onto handler of type [class org.springframework.web.servlet.resource.ResourceHttpRequestHandler]
2019-03-30 23:21:05.010  INFO 20884 --- [    Test worker] o.s.w.s.handler.SimpleUrlHandlerMapping  : Mapped URL path [/**] onto handler of type [class org.springframework.web.servlet.resource.ResourceHttpRequestHandler]
2019-03-30 23:21:05.139  INFO 20884 --- [    Test worker] o.s.w.s.handler.SimpleUrlHandlerMapping  : Mapped URL path [/**/favicon.ico] onto handler of type [class org.springframework.web.servlet.resource.ResourceHttpRequestHandler]
2019-03-30 23:21:05.409  INFO 20884 --- [    Test worker] c.i.c.CalculatorApplicationTests         : Started CalculatorApplicationTests in 3.918 seconds (JVM running for 5.553)
]]></system-out>
  <system-err><![CDATA[]]></system-err>
</testsuite>
